<?xml version="1.0" encoding="UTF-8"?>
<!-- Generated by org.testng.reporters.JUnitXMLReporter -->
<testsuite ignored="0" hostname="LAPTOP-NLJV8V8E" failures="0" tests="4" name="Default test" time="8.725" errors="0" timestamp="2025-10-18T10:34:45 IST">
  <testcase classname="api.sampleDev.APITests" name="postPhoneAPI" time="3.35"/>
  <testcase classname="api.sampleDev.APITests" name="getPhoneAPI" time="0.846"/>
  <testcase classname="api.sampleDev.APITests" name="putPhoneAPI" time="0.853"/>
  <testcase classname="api.sampleDev.APITests" name="deletePhoneAPI" time="3.489"/>
</testsuite> <!-- Default test -->
