<?xml version="1.0" encoding="UTF-8"?>
<!-- Generated by org.testng.reporters.JUnitXMLReporter -->
<testsuite ignored="0" hostname="LAPTOP-NLJV8V8E" failures="1" tests="2" name="TestAllure" time="2.865" errors="0" timestamp="2025-10-20T00:50:54 IST">
  <testcase classname="allure.report.Alluretest2" name="secondMethod" time="2.715"/>
  <testcase classname="allure.report.Alluretest" name="firstMethod" time="0.014">
    <failure type="java.lang.AssertionError" message="expected [true] but found [false]">
      <![CDATA[java.lang.AssertionError: expected [true] but found [false]
at allure.report.Alluretest.firstMethod(Alluretest.java:12)
at java.base/java.util.ArrayList.forEach(ArrayList.java:1511)
... Removed 31 stack frames]]>
    </failure>
  </testcase> <!-- firstMethod -->
</testsuite> <!-- TestAllure -->
