<?xml version="1.0" encoding="UTF-8"?>
<!-- Generated by org.testng.reporters.JUnitReportReporter -->
<testsuite hostname="LAPTOP-NLJV8V8E" failures="0" tests="2" name="selenium.design.pattern.singleton.SingletonTest" time="1.044" errors="0" timestamp="2025-10-13T23:25:11 IST" skipped="0">
  <testcase classname="selenium.design.pattern.singleton.SingletonTest" name="testApp" time="0.522"/>
  <system-out/>
  <testcase classname="selenium.design.pattern.singleton.SingletonTest" name="testApp" time="0.522"/>
  <system-out/>
</testsuite> <!-- selenium.design.pattern.singleton.SingletonTest -->
