<?xml version="1.0" encoding="UTF-8"?>
<!-- Generated by org.testng.reporters.JUnitReportReporter -->
<testsuite hostname="LAPTOP-NLJV8V8E" failures="0" tests="4" name="api.sampleDev.APITests" time="8.538" errors="0" timestamp="2025-10-18T10:34:45 IST" skipped="0">
  <testcase classname="api.sampleDev.APITests" name="postPhoneAPI" time="3.350"/>
  <system-out/>
  <testcase classname="api.sampleDev.APITests" name="getPhoneAPI" time="0.846"/>
  <system-out/>
  <testcase classname="api.sampleDev.APITests" name="putPhoneAPI" time="0.853"/>
  <system-out/>
  <testcase classname="api.sampleDev.APITests" name="deletePhoneAPI" time="3.489"/>
  <system-out/>
</testsuite> <!-- api.sampleDev.APITests -->
