<?xml version="1.0" encoding="UTF-8"?>
<!-- Generated by org.testng.reporters.JUnitReportReporter -->
<testsuite hostname="LAPTOP-NLJV8V8E" failures="0" tests="12" name="webui.loginPage.TestNGTests" time="0.091" errors="0" timestamp="2025-09-28T21:00:00 IST" skipped="0">
  <testcase classname="webui.loginPage.TestNGTests" name="thirdUpperCase" time="0.005"/>
  <system-out/>
  <testcase classname="webui.loginPage.TestNGTests" name="thirdUpperCase" time="0.007"/>
  <system-out/>
  <testcase classname="webui.loginPage.TestNGTests" name="firstPrintPosition" time="0.002"/>
  <system-out/>
  <testcase classname="webui.loginPage.TestNGTests" name="secondJoinThem" time="0.016"/>
  <system-out/>
  <testcase classname="webui.loginPage.TestNGTests" name="secondJoinThem" time="0.002"/>
  <system-out/>
  <testcase classname="webui.loginPage.TestNGTests" name="secondJoinThem" time="0.006"/>
  <system-out/>
  <testcase classname="webui.loginPage.TestNGTests" name="firstPrintPosition" time="0.016"/>
  <system-out/>
  <testcase classname="webui.loginPage.TestNGTests" name="secondJoinThem" time="0.003"/>
  <system-out/>
  <testcase classname="webui.loginPage.TestNGTests" name="thirdUpperCase" time="0.001"/>
  <system-out/>
  <testcase classname="webui.loginPage.TestNGTests" name="thirdUpperCase" time="0.016"/>
  <system-out/>
  <testcase classname="webui.loginPage.TestNGTests" name="firstPrintPosition" time="0.010"/>
  <system-out/>
  <testcase classname="webui.loginPage.TestNGTests" name="firstPrintPosition" time="0.007"/>
  <system-out/>
</testsuite> <!-- webui.loginPage.TestNGTests -->
